2023-07-13 15:28:11	/opt/lampp/htdocs/entregacajadiario/dokuwiki/lib/plugins/captcha/action.php(190)	E_WARNING: Undefined array key "REMOTE_USER"
  #0 /opt/lampp/htdocs/entregacajadiario/dokuwiki/lib/plugins/captcha/action.php(190): dokuwiki\ErrorHandler::errorHandler(2, 'Undefined array...', '/opt/lampp/htdo...', 190)
  #1 /opt/lampp/htdocs/entregacajadiario/dokuwiki/inc/Extension/EventHandler.php(80): action_plugin_captcha->handle_form_output(Object(dokuwiki\Extension\Event), Array)
  #2 /opt/lampp/htdocs/entregacajadiario/dokuwiki/inc/Extension/Event.php(74): dokuwiki\Extension\EventHandler->process_event(Object(dokuwiki\Extension\Event), 'BEFORE')
  #3 /opt/lampp/htdocs/entregacajadiario/dokuwiki/inc/Extension/Event.php(132): dokuwiki\Extension\Event->advise_before(false)
  #4 /opt/lampp/htdocs/entregacajadiario/dokuwiki/inc/Extension/Event.php(199): dokuwiki\Extension\Event->trigger(NULL, false)
  #5 /opt/lampp/htdocs/entregacajadiario/dokuwiki/inc/Form/Form.php(482): dokuwiki\Extension\Event::createAndTrigger('FORM_LOGIN_OUTP...', Object(dokuwiki\Form\Form), NULL, false)
  #6 /opt/lampp/htdocs/entregacajadiario/dokuwiki/inc/Ui/Login.php(77): dokuwiki\Form\Form->toHTML('FORM_LOGIN_OUTP...')
  #7 /opt/lampp/htdocs/entregacajadiario/dokuwiki/inc/Action/Login.php(37): dokuwiki\Ui\Login->show()
  #8 /opt/lampp/htdocs/entregacajadiario/dokuwiki/inc/template.php(100): dokuwiki\Action\Login->tplContent()
  #9 [internal function]: tpl_content_core('login')
  #10 /opt/lampp/htdocs/entregacajadiario/dokuwiki/inc/Extension/Event.php(133): call_user_func_array('tpl_content_cor...', Array)
  #11 /opt/lampp/htdocs/entregacajadiario/dokuwiki/inc/Extension/Event.php(199): dokuwiki\Extension\Event->trigger('tpl_content_cor...', true)
  #12 /opt/lampp/htdocs/entregacajadiario/dokuwiki/inc/template.php(85): dokuwiki\Extension\Event::createAndTrigger('TPL_ACT_RENDER', 'login', 'tpl_content_cor...')
  #13 /opt/lampp/htdocs/entregacajadiario/dokuwiki/lib/tpl/dokuwiki/main.php(59): tpl_content()
  #14 /opt/lampp/htdocs/entregacajadiario/dokuwiki/inc/actions.php(27): include('/opt/lampp/htdo...')
  #15 /opt/lampp/htdocs/entregacajadiario/dokuwiki/doku.php(126): act_dispatch()
  #16 {main}
2023-07-13 15:28:16	/opt/lampp/htdocs/entregacajadiario/dokuwiki/lib/plugins/captcha/action.php(190)	E_WARNING: Undefined array key "REMOTE_USER"
  #0 /opt/lampp/htdocs/entregacajadiario/dokuwiki/lib/plugins/captcha/action.php(190): dokuwiki\ErrorHandler::errorHandler(2, 'Undefined array...', '/opt/lampp/htdo...', 190)
  #1 /opt/lampp/htdocs/entregacajadiario/dokuwiki/inc/Extension/EventHandler.php(80): action_plugin_captcha->handle_form_output(Object(dokuwiki\Extension\Event), Array)
  #2 /opt/lampp/htdocs/entregacajadiario/dokuwiki/inc/Extension/Event.php(74): dokuwiki\Extension\EventHandler->process_event(Object(dokuwiki\Extension\Event), 'BEFORE')
  #3 /opt/lampp/htdocs/entregacajadiario/dokuwiki/inc/Extension/Event.php(132): dokuwiki\Extension\Event->advise_before(false)
  #4 /opt/lampp/htdocs/entregacajadiario/dokuwiki/inc/Extension/Event.php(199): dokuwiki\Extension\Event->trigger(NULL, false)
  #5 /opt/lampp/htdocs/entregacajadiario/dokuwiki/inc/Form/Form.php(482): dokuwiki\Extension\Event::createAndTrigger('FORM_LOGIN_OUTP...', Object(dokuwiki\Form\Form), NULL, false)
  #6 /opt/lampp/htdocs/entregacajadiario/dokuwiki/inc/Ui/Login.php(77): dokuwiki\Form\Form->toHTML('FORM_LOGIN_OUTP...')
  #7 /opt/lampp/htdocs/entregacajadiario/dokuwiki/inc/Action/Login.php(37): dokuwiki\Ui\Login->show()
  #8 /opt/lampp/htdocs/entregacajadiario/dokuwiki/inc/template.php(100): dokuwiki\Action\Login->tplContent()
  #9 [internal function]: tpl_content_core('login')
  #10 /opt/lampp/htdocs/entregacajadiario/dokuwiki/inc/Extension/Event.php(133): call_user_func_array('tpl_content_cor...', Array)
  #11 /opt/lampp/htdocs/entregacajadiario/dokuwiki/inc/Extension/Event.php(199): dokuwiki\Extension\Event->trigger('tpl_content_cor...', true)
  #12 /opt/lampp/htdocs/entregacajadiario/dokuwiki/inc/template.php(85): dokuwiki\Extension\Event::createAndTrigger('TPL_ACT_RENDER', 'login', 'tpl_content_cor...')
  #13 /opt/lampp/htdocs/entregacajadiario/dokuwiki/lib/tpl/dokuwiki/main.php(59): tpl_content()
  #14 /opt/lampp/htdocs/entregacajadiario/dokuwiki/inc/actions.php(27): include('/opt/lampp/htdo...')
  #15 /opt/lampp/htdocs/entregacajadiario/dokuwiki/doku.php(126): act_dispatch()
  #16 {main}
2023-07-13 15:37:54	/opt/lampp/htdocs/entregacajadiario/dokuwiki/lib/plugins/captcha/action.php(190)	E_WARNING: Undefined array key "REMOTE_USER"
  #0 /opt/lampp/htdocs/entregacajadiario/dokuwiki/lib/plugins/captcha/action.php(190): dokuwiki\ErrorHandler::errorHandler(2, 'Undefined array...', '/opt/lampp/htdo...', 190)
  #1 /opt/lampp/htdocs/entregacajadiario/dokuwiki/inc/Extension/EventHandler.php(80): action_plugin_captcha->handle_form_output(Object(dokuwiki\Extension\Event), Array)
  #2 /opt/lampp/htdocs/entregacajadiario/dokuwiki/inc/Extension/Event.php(74): dokuwiki\Extension\EventHandler->process_event(Object(dokuwiki\Extension\Event), 'BEFORE')
  #3 /opt/lampp/htdocs/entregacajadiario/dokuwiki/inc/Extension/Event.php(132): dokuwiki\Extension\Event->advise_before(false)
  #4 /opt/lampp/htdocs/entregacajadiario/dokuwiki/inc/Extension/Event.php(199): dokuwiki\Extension\Event->trigger(NULL, false)
  #5 /opt/lampp/htdocs/entregacajadiario/dokuwiki/inc/Form/Form.php(482): dokuwiki\Extension\Event::createAndTrigger('FORM_LOGIN_OUTP...', Object(dokuwiki\Form\Form), NULL, false)
  #6 /opt/lampp/htdocs/entregacajadiario/dokuwiki/inc/Ui/Login.php(77): dokuwiki\Form\Form->toHTML('FORM_LOGIN_OUTP...')
  #7 /opt/lampp/htdocs/entregacajadiario/dokuwiki/inc/Action/Login.php(37): dokuwiki\Ui\Login->show()
  #8 /opt/lampp/htdocs/entregacajadiario/dokuwiki/inc/template.php(100): dokuwiki\Action\Login->tplContent()
  #9 [internal function]: tpl_content_core('login')
  #10 /opt/lampp/htdocs/entregacajadiario/dokuwiki/inc/Extension/Event.php(133): call_user_func_array('tpl_content_cor...', Array)
  #11 /opt/lampp/htdocs/entregacajadiario/dokuwiki/inc/Extension/Event.php(199): dokuwiki\Extension\Event->trigger('tpl_content_cor...', true)
  #12 /opt/lampp/htdocs/entregacajadiario/dokuwiki/inc/template.php(85): dokuwiki\Extension\Event::createAndTrigger('TPL_ACT_RENDER', 'login', 'tpl_content_cor...')
  #13 /opt/lampp/htdocs/entregacajadiario/dokuwiki/lib/tpl/dokuwiki/main.php(59): tpl_content()
  #14 /opt/lampp/htdocs/entregacajadiario/dokuwiki/inc/actions.php(27): include('/opt/lampp/htdo...')
  #15 /opt/lampp/htdocs/entregacajadiario/dokuwiki/doku.php(126): act_dispatch()
  #16 {main}
2023-07-13 15:38:03	/opt/lampp/htdocs/entregacajadiario/dokuwiki/lib/plugins/captcha/action.php(190)	E_WARNING: Undefined array key "REMOTE_USER"
  #0 /opt/lampp/htdocs/entregacajadiario/dokuwiki/lib/plugins/captcha/action.php(190): dokuwiki\ErrorHandler::errorHandler(2, 'Undefined array...', '/opt/lampp/htdo...', 190)
  #1 /opt/lampp/htdocs/entregacajadiario/dokuwiki/inc/Extension/EventHandler.php(80): action_plugin_captcha->handle_form_output(Object(dokuwiki\Extension\Event), Array)
  #2 /opt/lampp/htdocs/entregacajadiario/dokuwiki/inc/Extension/Event.php(74): dokuwiki\Extension\EventHandler->process_event(Object(dokuwiki\Extension\Event), 'BEFORE')
  #3 /opt/lampp/htdocs/entregacajadiario/dokuwiki/inc/Extension/Event.php(132): dokuwiki\Extension\Event->advise_before(false)
  #4 /opt/lampp/htdocs/entregacajadiario/dokuwiki/inc/Extension/Event.php(199): dokuwiki\Extension\Event->trigger(NULL, false)
  #5 /opt/lampp/htdocs/entregacajadiario/dokuwiki/inc/Form/Form.php(482): dokuwiki\Extension\Event::createAndTrigger('FORM_LOGIN_OUTP...', Object(dokuwiki\Form\Form), NULL, false)
  #6 /opt/lampp/htdocs/entregacajadiario/dokuwiki/inc/Ui/Login.php(77): dokuwiki\Form\Form->toHTML('FORM_LOGIN_OUTP...')
  #7 /opt/lampp/htdocs/entregacajadiario/dokuwiki/inc/Action/Login.php(37): dokuwiki\Ui\Login->show()
  #8 /opt/lampp/htdocs/entregacajadiario/dokuwiki/inc/template.php(100): dokuwiki\Action\Login->tplContent()
  #9 [internal function]: tpl_content_core('login')
  #10 /opt/lampp/htdocs/entregacajadiario/dokuwiki/inc/Extension/Event.php(133): call_user_func_array('tpl_content_cor...', Array)
  #11 /opt/lampp/htdocs/entregacajadiario/dokuwiki/inc/Extension/Event.php(199): dokuwiki\Extension\Event->trigger('tpl_content_cor...', true)
  #12 /opt/lampp/htdocs/entregacajadiario/dokuwiki/inc/template.php(85): dokuwiki\Extension\Event::createAndTrigger('TPL_ACT_RENDER', 'login', 'tpl_content_cor...')
  #13 /opt/lampp/htdocs/entregacajadiario/dokuwiki/lib/tpl/dokuwiki/main.php(59): tpl_content()
  #14 /opt/lampp/htdocs/entregacajadiario/dokuwiki/inc/actions.php(27): include('/opt/lampp/htdo...')
  #15 /opt/lampp/htdocs/entregacajadiario/dokuwiki/doku.php(126): act_dispatch()
  #16 {main}
2023-07-13 15:41:40	/opt/lampp/htdocs/entregacajadiario/dokuwiki/lib/plugins/captcha/action.php(190)	E_WARNING: Undefined array key "REMOTE_USER"
  #0 /opt/lampp/htdocs/entregacajadiario/dokuwiki/lib/plugins/captcha/action.php(190): dokuwiki\ErrorHandler::errorHandler(2, 'Undefined array...', '/opt/lampp/htdo...', 190)
  #1 /opt/lampp/htdocs/entregacajadiario/dokuwiki/inc/Extension/EventHandler.php(80): action_plugin_captcha->handle_form_output(Object(dokuwiki\Extension\Event), Array)
  #2 /opt/lampp/htdocs/entregacajadiario/dokuwiki/inc/Extension/Event.php(74): dokuwiki\Extension\EventHandler->process_event(Object(dokuwiki\Extension\Event), 'BEFORE')
  #3 /opt/lampp/htdocs/entregacajadiario/dokuwiki/inc/Extension/Event.php(132): dokuwiki\Extension\Event->advise_before(false)
  #4 /opt/lampp/htdocs/entregacajadiario/dokuwiki/inc/Extension/Event.php(199): dokuwiki\Extension\Event->trigger(NULL, false)
  #5 /opt/lampp/htdocs/entregacajadiario/dokuwiki/inc/Form/Form.php(482): dokuwiki\Extension\Event::createAndTrigger('FORM_LOGIN_OUTP...', Object(dokuwiki\Form\Form), NULL, false)
  #6 /opt/lampp/htdocs/entregacajadiario/dokuwiki/inc/Ui/Login.php(77): dokuwiki\Form\Form->toHTML('FORM_LOGIN_OUTP...')
  #7 /opt/lampp/htdocs/entregacajadiario/dokuwiki/inc/Action/Login.php(37): dokuwiki\Ui\Login->show()
  #8 /opt/lampp/htdocs/entregacajadiario/dokuwiki/inc/template.php(100): dokuwiki\Action\Login->tplContent()
  #9 [internal function]: tpl_content_core('login')
  #10 /opt/lampp/htdocs/entregacajadiario/dokuwiki/inc/Extension/Event.php(133): call_user_func_array('tpl_content_cor...', Array)
  #11 /opt/lampp/htdocs/entregacajadiario/dokuwiki/inc/Extension/Event.php(199): dokuwiki\Extension\Event->trigger('tpl_content_cor...', true)
  #12 /opt/lampp/htdocs/entregacajadiario/dokuwiki/inc/template.php(85): dokuwiki\Extension\Event::createAndTrigger('TPL_ACT_RENDER', 'login', 'tpl_content_cor...')
  #13 /opt/lampp/htdocs/entregacajadiario/dokuwiki/lib/tpl/dokuwiki/main.php(59): tpl_content()
  #14 /opt/lampp/htdocs/entregacajadiario/dokuwiki/inc/actions.php(27): include('/opt/lampp/htdo...')
  #15 /opt/lampp/htdocs/entregacajadiario/dokuwiki/doku.php(126): act_dispatch()
  #16 {main}
2023-07-13 15:41:56	/opt/lampp/htdocs/entregacajadiario/dokuwiki/lib/plugins/captcha/action.php(190)	E_WARNING: Undefined array key "REMOTE_USER"
  #0 /opt/lampp/htdocs/entregacajadiario/dokuwiki/lib/plugins/captcha/action.php(190): dokuwiki\ErrorHandler::errorHandler(2, 'Undefined array...', '/opt/lampp/htdo...', 190)
  #1 /opt/lampp/htdocs/entregacajadiario/dokuwiki/inc/Extension/EventHandler.php(80): action_plugin_captcha->handle_form_output(Object(dokuwiki\Extension\Event), Array)
  #2 /opt/lampp/htdocs/entregacajadiario/dokuwiki/inc/Extension/Event.php(74): dokuwiki\Extension\EventHandler->process_event(Object(dokuwiki\Extension\Event), 'BEFORE')
  #3 /opt/lampp/htdocs/entregacajadiario/dokuwiki/inc/Extension/Event.php(132): dokuwiki\Extension\Event->advise_before(false)
  #4 /opt/lampp/htdocs/entregacajadiario/dokuwiki/inc/Extension/Event.php(199): dokuwiki\Extension\Event->trigger(NULL, false)
  #5 /opt/lampp/htdocs/entregacajadiario/dokuwiki/inc/Form/Form.php(482): dokuwiki\Extension\Event::createAndTrigger('FORM_LOGIN_OUTP...', Object(dokuwiki\Form\Form), NULL, false)
  #6 /opt/lampp/htdocs/entregacajadiario/dokuwiki/inc/Ui/Login.php(77): dokuwiki\Form\Form->toHTML('FORM_LOGIN_OUTP...')
  #7 /opt/lampp/htdocs/entregacajadiario/dokuwiki/inc/Action/Login.php(37): dokuwiki\Ui\Login->show()
  #8 /opt/lampp/htdocs/entregacajadiario/dokuwiki/inc/template.php(100): dokuwiki\Action\Login->tplContent()
  #9 [internal function]: tpl_content_core('login')
  #10 /opt/lampp/htdocs/entregacajadiario/dokuwiki/inc/Extension/Event.php(133): call_user_func_array('tpl_content_cor...', Array)
  #11 /opt/lampp/htdocs/entregacajadiario/dokuwiki/inc/Extension/Event.php(199): dokuwiki\Extension\Event->trigger('tpl_content_cor...', true)
  #12 /opt/lampp/htdocs/entregacajadiario/dokuwiki/inc/template.php(85): dokuwiki\Extension\Event::createAndTrigger('TPL_ACT_RENDER', 'login', 'tpl_content_cor...')
  #13 /opt/lampp/htdocs/entregacajadiario/dokuwiki/lib/tpl/dokuwiki/main.php(59): tpl_content()
  #14 /opt/lampp/htdocs/entregacajadiario/dokuwiki/inc/actions.php(27): include('/opt/lampp/htdo...')
  #15 /opt/lampp/htdocs/entregacajadiario/dokuwiki/doku.php(126): act_dispatch()
  #16 {main}
2023-07-13 15:47:01	/opt/lampp/htdocs/entregacajadiario/dokuwiki/lib/plugins/captcha/action.php(190)	E_WARNING: Undefined array key "REMOTE_USER"
  #0 /opt/lampp/htdocs/entregacajadiario/dokuwiki/lib/plugins/captcha/action.php(190): dokuwiki\ErrorHandler::errorHandler(2, 'Undefined array...', '/opt/lampp/htdo...', 190)
  #1 /opt/lampp/htdocs/entregacajadiario/dokuwiki/inc/Extension/EventHandler.php(80): action_plugin_captcha->handle_form_output(Object(dokuwiki\Extension\Event), Array)
  #2 /opt/lampp/htdocs/entregacajadiario/dokuwiki/inc/Extension/Event.php(74): dokuwiki\Extension\EventHandler->process_event(Object(dokuwiki\Extension\Event), 'BEFORE')
  #3 /opt/lampp/htdocs/entregacajadiario/dokuwiki/inc/Extension/Event.php(132): dokuwiki\Extension\Event->advise_before(false)
  #4 /opt/lampp/htdocs/entregacajadiario/dokuwiki/inc/Extension/Event.php(199): dokuwiki\Extension\Event->trigger(NULL, false)
  #5 /opt/lampp/htdocs/entregacajadiario/dokuwiki/inc/Form/Form.php(482): dokuwiki\Extension\Event::createAndTrigger('FORM_LOGIN_OUTP...', Object(dokuwiki\Form\Form), NULL, false)
  #6 /opt/lampp/htdocs/entregacajadiario/dokuwiki/inc/Ui/Login.php(77): dokuwiki\Form\Form->toHTML('FORM_LOGIN_OUTP...')
  #7 /opt/lampp/htdocs/entregacajadiario/dokuwiki/inc/Action/Login.php(37): dokuwiki\Ui\Login->show()
  #8 /opt/lampp/htdocs/entregacajadiario/dokuwiki/inc/template.php(100): dokuwiki\Action\Login->tplContent()
  #9 [internal function]: tpl_content_core('login')
  #10 /opt/lampp/htdocs/entregacajadiario/dokuwiki/inc/Extension/Event.php(133): call_user_func_array('tpl_content_cor...', Array)
  #11 /opt/lampp/htdocs/entregacajadiario/dokuwiki/inc/Extension/Event.php(199): dokuwiki\Extension\Event->trigger('tpl_content_cor...', true)
  #12 /opt/lampp/htdocs/entregacajadiario/dokuwiki/inc/template.php(85): dokuwiki\Extension\Event::createAndTrigger('TPL_ACT_RENDER', 'login', 'tpl_content_cor...')
  #13 /opt/lampp/htdocs/entregacajadiario/dokuwiki/lib/tpl/dokuwiki/main.php(59): tpl_content()
  #14 /opt/lampp/htdocs/entregacajadiario/dokuwiki/inc/actions.php(27): include('/opt/lampp/htdo...')
  #15 /opt/lampp/htdocs/entregacajadiario/dokuwiki/doku.php(126): act_dispatch()
  #16 {main}
2023-07-13 15:47:16	/opt/lampp/htdocs/entregacajadiario/dokuwiki/lib/plugins/captcha/action.php(190)	E_WARNING: Undefined array key "REMOTE_USER"
  #0 /opt/lampp/htdocs/entregacajadiario/dokuwiki/lib/plugins/captcha/action.php(190): dokuwiki\ErrorHandler::errorHandler(2, 'Undefined array...', '/opt/lampp/htdo...', 190)
  #1 /opt/lampp/htdocs/entregacajadiario/dokuwiki/inc/Extension/EventHandler.php(80): action_plugin_captcha->handle_form_output(Object(dokuwiki\Extension\Event), Array)
  #2 /opt/lampp/htdocs/entregacajadiario/dokuwiki/inc/Extension/Event.php(74): dokuwiki\Extension\EventHandler->process_event(Object(dokuwiki\Extension\Event), 'BEFORE')
  #3 /opt/lampp/htdocs/entregacajadiario/dokuwiki/inc/Extension/Event.php(132): dokuwiki\Extension\Event->advise_before(false)
  #4 /opt/lampp/htdocs/entregacajadiario/dokuwiki/inc/Extension/Event.php(199): dokuwiki\Extension\Event->trigger(NULL, false)
  #5 /opt/lampp/htdocs/entregacajadiario/dokuwiki/inc/Form/Form.php(482): dokuwiki\Extension\Event::createAndTrigger('FORM_LOGIN_OUTP...', Object(dokuwiki\Form\Form), NULL, false)
  #6 /opt/lampp/htdocs/entregacajadiario/dokuwiki/inc/Ui/Login.php(77): dokuwiki\Form\Form->toHTML('FORM_LOGIN_OUTP...')
  #7 /opt/lampp/htdocs/entregacajadiario/dokuwiki/inc/Action/Login.php(37): dokuwiki\Ui\Login->show()
  #8 /opt/lampp/htdocs/entregacajadiario/dokuwiki/inc/template.php(100): dokuwiki\Action\Login->tplContent()
  #9 [internal function]: tpl_content_core('login')
  #10 /opt/lampp/htdocs/entregacajadiario/dokuwiki/inc/Extension/Event.php(133): call_user_func_array('tpl_content_cor...', Array)
  #11 /opt/lampp/htdocs/entregacajadiario/dokuwiki/inc/Extension/Event.php(199): dokuwiki\Extension\Event->trigger('tpl_content_cor...', true)
  #12 /opt/lampp/htdocs/entregacajadiario/dokuwiki/inc/template.php(85): dokuwiki\Extension\Event::createAndTrigger('TPL_ACT_RENDER', 'login', 'tpl_content_cor...')
  #13 /opt/lampp/htdocs/entregacajadiario/dokuwiki/lib/tpl/dokuwiki/main.php(59): tpl_content()
  #14 /opt/lampp/htdocs/entregacajadiario/dokuwiki/inc/actions.php(27): include('/opt/lampp/htdo...')
  #15 /opt/lampp/htdocs/entregacajadiario/dokuwiki/doku.php(126): act_dispatch()
  #16 {main}
2023-07-13 19:25:39	/opt/lampp/htdocs/entregacajadiario/dokuwiki/lib/plugins/captcha/action.php(190)	E_WARNING: Undefined array key "REMOTE_USER"
  #0 /opt/lampp/htdocs/entregacajadiario/dokuwiki/lib/plugins/captcha/action.php(190): dokuwiki\ErrorHandler::errorHandler(2, 'Undefined array...', '/opt/lampp/htdo...', 190)
  #1 /opt/lampp/htdocs/entregacajadiario/dokuwiki/inc/Extension/EventHandler.php(80): action_plugin_captcha->handle_form_output(Object(dokuwiki\Extension\Event), Array)
  #2 /opt/lampp/htdocs/entregacajadiario/dokuwiki/inc/Extension/Event.php(74): dokuwiki\Extension\EventHandler->process_event(Object(dokuwiki\Extension\Event), 'BEFORE')
  #3 /opt/lampp/htdocs/entregacajadiario/dokuwiki/inc/Extension/Event.php(132): dokuwiki\Extension\Event->advise_before(false)
  #4 /opt/lampp/htdocs/entregacajadiario/dokuwiki/inc/Extension/Event.php(199): dokuwiki\Extension\Event->trigger(NULL, false)
  #5 /opt/lampp/htdocs/entregacajadiario/dokuwiki/inc/Form/Form.php(482): dokuwiki\Extension\Event::createAndTrigger('FORM_EDIT_OUTPU...', Object(dokuwiki\Form\Form), NULL, false)
  #6 /opt/lampp/htdocs/entregacajadiario/dokuwiki/inc/Ui/Editor.php(181): dokuwiki\Form\Form->toHTML('FORM_EDIT_OUTPU...')
  #7 /opt/lampp/htdocs/entregacajadiario/dokuwiki/inc/Action/Edit.php(93): dokuwiki\Ui\Editor->show()
  #8 /opt/lampp/htdocs/entregacajadiario/dokuwiki/inc/template.php(100): dokuwiki\Action\Edit->tplContent()
  #9 [internal function]: tpl_content_core('edit')
  #10 /opt/lampp/htdocs/entregacajadiario/dokuwiki/inc/Extension/Event.php(133): call_user_func_array('tpl_content_cor...', Array)
  #11 /opt/lampp/htdocs/entregacajadiario/dokuwiki/inc/Extension/Event.php(199): dokuwiki\Extension\Event->trigger('tpl_content_cor...', true)
  #12 /opt/lampp/htdocs/entregacajadiario/dokuwiki/inc/template.php(85): dokuwiki\Extension\Event::createAndTrigger('TPL_ACT_RENDER', 'edit', 'tpl_content_cor...')
  #13 /opt/lampp/htdocs/entregacajadiario/dokuwiki/lib/tpl/dokuwiki/main.php(59): tpl_content()
  #14 /opt/lampp/htdocs/entregacajadiario/dokuwiki/inc/actions.php(27): include('/opt/lampp/htdo...')
  #15 /opt/lampp/htdocs/entregacajadiario/dokuwiki/doku.php(126): act_dispatch()
  #16 {main}
2023-07-13 19:26:32	/opt/lampp/htdocs/entregacajadiario/dokuwiki/lib/plugins/captcha/action.php(161)	E_WARNING: Undefined array key "REMOTE_USER"
  #0 /opt/lampp/htdocs/entregacajadiario/dokuwiki/lib/plugins/captcha/action.php(161): dokuwiki\ErrorHandler::errorHandler(2, 'Undefined array...', '/opt/lampp/htdo...', 161)
  #1 /opt/lampp/htdocs/entregacajadiario/dokuwiki/inc/Extension/EventHandler.php(80): action_plugin_captcha->handle_captcha_input(Object(dokuwiki\Extension\Event), Array)
  #2 /opt/lampp/htdocs/entregacajadiario/dokuwiki/inc/Extension/Event.php(74): dokuwiki\Extension\EventHandler->process_event(Object(dokuwiki\Extension\Event), 'BEFORE')
  #3 /opt/lampp/htdocs/entregacajadiario/dokuwiki/inc/ActionRouter.php(80): dokuwiki\Extension\Event->advise_before()
  #4 /opt/lampp/htdocs/entregacajadiario/dokuwiki/inc/ActionRouter.php(48): dokuwiki\ActionRouter->setupAction('save')
  #5 /opt/lampp/htdocs/entregacajadiario/dokuwiki/inc/ActionRouter.php(60): dokuwiki\ActionRouter->__construct()
  #6 /opt/lampp/htdocs/entregacajadiario/dokuwiki/inc/actions.php(16): dokuwiki\ActionRouter::getInstance(true)
  #7 /opt/lampp/htdocs/entregacajadiario/dokuwiki/doku.php(126): act_dispatch()
  #8 {main}
2023-07-13 19:28:16	/opt/lampp/htdocs/entregacajadiario/dokuwiki/lib/plugins/captcha/action.php(190)	E_WARNING: Undefined array key "REMOTE_USER"
  #0 /opt/lampp/htdocs/entregacajadiario/dokuwiki/lib/plugins/captcha/action.php(190): dokuwiki\ErrorHandler::errorHandler(2, 'Undefined array...', '/opt/lampp/htdo...', 190)
  #1 /opt/lampp/htdocs/entregacajadiario/dokuwiki/inc/Extension/EventHandler.php(80): action_plugin_captcha->handle_form_output(Object(dokuwiki\Extension\Event), Array)
  #2 /opt/lampp/htdocs/entregacajadiario/dokuwiki/inc/Extension/Event.php(74): dokuwiki\Extension\EventHandler->process_event(Object(dokuwiki\Extension\Event), 'BEFORE')
  #3 /opt/lampp/htdocs/entregacajadiario/dokuwiki/inc/Extension/Event.php(132): dokuwiki\Extension\Event->advise_before(false)
  #4 /opt/lampp/htdocs/entregacajadiario/dokuwiki/inc/Extension/Event.php(199): dokuwiki\Extension\Event->trigger(NULL, false)
  #5 /opt/lampp/htdocs/entregacajadiario/dokuwiki/inc/Form/Form.php(482): dokuwiki\Extension\Event::createAndTrigger('FORM_EDIT_OUTPU...', Object(dokuwiki\Form\Form), NULL, false)
  #6 /opt/lampp/htdocs/entregacajadiario/dokuwiki/inc/Ui/Editor.php(181): dokuwiki\Form\Form->toHTML('FORM_EDIT_OUTPU...')
  #7 /opt/lampp/htdocs/entregacajadiario/dokuwiki/inc/Action/Edit.php(93): dokuwiki\Ui\Editor->show()
  #8 /opt/lampp/htdocs/entregacajadiario/dokuwiki/inc/template.php(100): dokuwiki\Action\Edit->tplContent()
  #9 [internal function]: tpl_content_core('edit')
  #10 /opt/lampp/htdocs/entregacajadiario/dokuwiki/inc/Extension/Event.php(133): call_user_func_array('tpl_content_cor...', Array)
  #11 /opt/lampp/htdocs/entregacajadiario/dokuwiki/inc/Extension/Event.php(199): dokuwiki\Extension\Event->trigger('tpl_content_cor...', true)
  #12 /opt/lampp/htdocs/entregacajadiario/dokuwiki/inc/template.php(85): dokuwiki\Extension\Event::createAndTrigger('TPL_ACT_RENDER', 'edit', 'tpl_content_cor...')
  #13 /opt/lampp/htdocs/entregacajadiario/dokuwiki/lib/tpl/dokuwiki/main.php(59): tpl_content()
  #14 /opt/lampp/htdocs/entregacajadiario/dokuwiki/inc/actions.php(27): include('/opt/lampp/htdo...')
  #15 /opt/lampp/htdocs/entregacajadiario/dokuwiki/doku.php(126): act_dispatch()
  #16 {main}
2023-07-13 19:31:54	/opt/lampp/htdocs/entregacajadiario/dokuwiki/lib/plugins/captcha/action.php(161)	E_WARNING: Undefined array key "REMOTE_USER"
  #0 /opt/lampp/htdocs/entregacajadiario/dokuwiki/lib/plugins/captcha/action.php(161): dokuwiki\ErrorHandler::errorHandler(2, 'Undefined array...', '/opt/lampp/htdo...', 161)
  #1 /opt/lampp/htdocs/entregacajadiario/dokuwiki/inc/Extension/EventHandler.php(80): action_plugin_captcha->handle_captcha_input(Object(dokuwiki\Extension\Event), Array)
  #2 /opt/lampp/htdocs/entregacajadiario/dokuwiki/inc/Extension/Event.php(74): dokuwiki\Extension\EventHandler->process_event(Object(dokuwiki\Extension\Event), 'BEFORE')
  #3 /opt/lampp/htdocs/entregacajadiario/dokuwiki/inc/ActionRouter.php(80): dokuwiki\Extension\Event->advise_before()
  #4 /opt/lampp/htdocs/entregacajadiario/dokuwiki/inc/ActionRouter.php(48): dokuwiki\ActionRouter->setupAction('save')
  #5 /opt/lampp/htdocs/entregacajadiario/dokuwiki/inc/ActionRouter.php(60): dokuwiki\ActionRouter->__construct()
  #6 /opt/lampp/htdocs/entregacajadiario/dokuwiki/inc/actions.php(16): dokuwiki\ActionRouter::getInstance(true)
  #7 /opt/lampp/htdocs/entregacajadiario/dokuwiki/doku.php(126): act_dispatch()
  #8 {main}
2023-07-13 19:32:25	/opt/lampp/htdocs/entregacajadiario/dokuwiki/lib/plugins/captcha/action.php(190)	E_WARNING: Undefined array key "REMOTE_USER"
  #0 /opt/lampp/htdocs/entregacajadiario/dokuwiki/lib/plugins/captcha/action.php(190): dokuwiki\ErrorHandler::errorHandler(2, 'Undefined array...', '/opt/lampp/htdo...', 190)
  #1 /opt/lampp/htdocs/entregacajadiario/dokuwiki/inc/Extension/EventHandler.php(80): action_plugin_captcha->handle_form_output(Object(dokuwiki\Extension\Event), Array)
  #2 /opt/lampp/htdocs/entregacajadiario/dokuwiki/inc/Extension/Event.php(74): dokuwiki\Extension\EventHandler->process_event(Object(dokuwiki\Extension\Event), 'BEFORE')
  #3 /opt/lampp/htdocs/entregacajadiario/dokuwiki/inc/Extension/Event.php(132): dokuwiki\Extension\Event->advise_before(false)
  #4 /opt/lampp/htdocs/entregacajadiario/dokuwiki/inc/Extension/Event.php(199): dokuwiki\Extension\Event->trigger(NULL, false)
  #5 /opt/lampp/htdocs/entregacajadiario/dokuwiki/inc/Form/Form.php(482): dokuwiki\Extension\Event::createAndTrigger('FORM_EDIT_OUTPU...', Object(dokuwiki\Form\Form), NULL, false)
  #6 /opt/lampp/htdocs/entregacajadiario/dokuwiki/inc/Ui/Editor.php(181): dokuwiki\Form\Form->toHTML('FORM_EDIT_OUTPU...')
  #7 /opt/lampp/htdocs/entregacajadiario/dokuwiki/inc/Action/Edit.php(93): dokuwiki\Ui\Editor->show()
  #8 /opt/lampp/htdocs/entregacajadiario/dokuwiki/inc/template.php(100): dokuwiki\Action\Edit->tplContent()
  #9 [internal function]: tpl_content_core('edit')
  #10 /opt/lampp/htdocs/entregacajadiario/dokuwiki/inc/Extension/Event.php(133): call_user_func_array('tpl_content_cor...', Array)
  #11 /opt/lampp/htdocs/entregacajadiario/dokuwiki/inc/Extension/Event.php(199): dokuwiki\Extension\Event->trigger('tpl_content_cor...', true)
  #12 /opt/lampp/htdocs/entregacajadiario/dokuwiki/inc/template.php(85): dokuwiki\Extension\Event::createAndTrigger('TPL_ACT_RENDER', 'edit', 'tpl_content_cor...')
  #13 /opt/lampp/htdocs/entregacajadiario/dokuwiki/lib/tpl/dokuwiki/main.php(59): tpl_content()
  #14 /opt/lampp/htdocs/entregacajadiario/dokuwiki/inc/actions.php(27): include('/opt/lampp/htdo...')
  #15 /opt/lampp/htdocs/entregacajadiario/dokuwiki/doku.php(126): act_dispatch()
  #16 {main}
2023-07-13 19:32:51	/opt/lampp/htdocs/entregacajadiario/dokuwiki/lib/plugins/captcha/action.php(161)	E_WARNING: Undefined array key "REMOTE_USER"
  #0 /opt/lampp/htdocs/entregacajadiario/dokuwiki/lib/plugins/captcha/action.php(161): dokuwiki\ErrorHandler::errorHandler(2, 'Undefined array...', '/opt/lampp/htdo...', 161)
  #1 /opt/lampp/htdocs/entregacajadiario/dokuwiki/inc/Extension/EventHandler.php(80): action_plugin_captcha->handle_captcha_input(Object(dokuwiki\Extension\Event), Array)
  #2 /opt/lampp/htdocs/entregacajadiario/dokuwiki/inc/Extension/Event.php(74): dokuwiki\Extension\EventHandler->process_event(Object(dokuwiki\Extension\Event), 'BEFORE')
  #3 /opt/lampp/htdocs/entregacajadiario/dokuwiki/inc/ActionRouter.php(80): dokuwiki\Extension\Event->advise_before()
  #4 /opt/lampp/htdocs/entregacajadiario/dokuwiki/inc/ActionRouter.php(48): dokuwiki\ActionRouter->setupAction('save')
  #5 /opt/lampp/htdocs/entregacajadiario/dokuwiki/inc/ActionRouter.php(60): dokuwiki\ActionRouter->__construct()
  #6 /opt/lampp/htdocs/entregacajadiario/dokuwiki/inc/actions.php(16): dokuwiki\ActionRouter::getInstance(true)
  #7 /opt/lampp/htdocs/entregacajadiario/dokuwiki/doku.php(126): act_dispatch()
  #8 {main}
